<?xml version="1.0" encoding="UTF-8"?>
<!-- Generated by org.testng.reporters.JUnitReportReporter -->
<testsuite skipped="0" hostname="LTIN352489" name="pack.First" tests="1" failures="0" timestamp="2022-02-15T20:08:19 IST" time="16.701" errors="0">
  <testcase name="launchingbrowser" time="16.701" classname="pack.First"/>
  <system-out/>
</testsuite> <!-- pack.First -->
