<?xml version="1.0" encoding="UTF-8"?>
<!-- Generated by org.testng.reporters.JUnitReportReporter -->
<testsuite skipped="0" hostname="LTIN352489" name="script1.Practi" tests="1" failures="0" timestamp="2022-07-11T21:38:57 IST" time="92.610" errors="0">
  <testcase name="laucnhinginpen" time="92.610" classname="script1.Practi"/>
  <system-out/>
</testsuite> <!-- script1.Practi -->
